Len:10: FrameData:
7E 00 0A 08 70 43 30 20 37 64 64 65 20 70 
 ~           p  C  0     7  d  d  e     p 
00 01 02 03 04 05 06 07 08 09 10 11 12 13 
stuffed buffer
Len:10: FrameData:
7E 00 0A 08 70 43 30 20 37 64 64 65 20 70 
 ~           p  C  0     7  d  d  e     p 
00 01 02 03 04 05 06 07 08 09 10 11 12 13 
Sent: 14
Len:5: FrameData:
7E 00 05 08 70 49 50 00 EE 
 ~           p  I  P       
00 01 02 03 04 05 06 07 08 
stuffed buffer
Len:5: FrameData:
7E 00 05 08 70 49 50 00 EE 
 ~           p  I  P       
00 01 02 03 04 05 06 07 08 
Len:4: FrameData:
7E 00 04 08 70 41 49 FD 
 ~           p  A  I    
00 01 02 03 04 05 06 07 
stuffed buffer
Len:4: FrameData:
7E 00 04 08 70 41 49 FD 
 ~           p  A  I    
00 01 02 03 04 05 06 07 
Sent: 8
Sent: 9

0: xbee->PI gatherframe:-------------------
Len:5: FrameData:
7E 00 05 88 70 43 30 03 91 
 ~           p  C  0       
00 01 02 03 04 05 06 07 08 
1: final len: 8
Len:5: FrameData:
7E 00 05 08 70 44 4F 00 F4 
 ~           p  D  O       
00 01 02 03 04 05 06 07 08 
stuffed buffer
Len:5: FrameData:
7E 00 05 08 70 44 4F 00 F4 
 ~           p  D  O       
00 01 02 03 04 05 06 07 08 
AT resp
Sent: 9

2: xbee->PI gatherframe:-------------------
Len:6: FrameData:
7E 00 06 88 70 41 49 00 22 5B 
 ~           p  A  I     "  [ 
00 01 02 03 04 05 06 07 08 09 
3: final len: 9
AT resp

4: xbee->PI gatherframe:-------------------
Len:5: FrameData:
7E 00 05 88 70 49 50 00 6E 
 ~           p  I  P     n 
00 01 02 03 04 05 06 07 08 
5: final len: 8
AT resp

6: xbee->PI gatherframe:-------------------
Len:5: FrameData:
7E 00 05 88 70 44 4F 00 74 
 ~           p  D  O     t 
00 01 02 03 04 05 06 07 08 
7: final len: 8
AT resp
Len:5: FrameData:
7E 00 05 08 70 44 35 01 0D 
 ~           p  D  5       
00 01 02 03 04 05 06 07 08 
stuffed buffer
Len:5: FrameData:
7E 00 05 08 70 44 35 01 0D 
 ~           p  D  5       
00 01 02 03 04 05 06 07 08 
Sent: 9

8: xbee->PI gatherframe:-------------------
Len:5: FrameData:
7E 00 05 88 70 44 35 00 8E 
 ~           p  D  5       
00 01 02 03 04 05 06 07 08 
9: final len: 8
AT resp
Len:4: FrameData:
7E 00 04 08 70 41 49 FD 
 ~           p  A  I    
00 01 02 03 04 05 06 07 
stuffed buffer
Len:4: FrameData:
7E 00 04 08 70 41 49 FD 
 ~           p  A  I    
00 01 02 03 04 05 06 07 
Sent: 8

10: xbee->PI gatherframe:-------------------
Len:6: FrameData:
7E 00 06 88 70 41 49 00 FF 7E 
 ~           p  A  I        ~ 
00 01 02 03 04 05 06 07 08 09 
11: final len: 9
AT resp
