Len:7: FrameData:
7E 00 07 88 70 54 50 00 00 21 42 
 ~           p  T  P        !  B 
00 01 02 03 04 05 06 07 08 09 10 
Len:7: FrameData:
7E 00 07 88 70 54 50 00 00 22 41 
 ~           p  T  P        "  A 
00 01 02 03 04 05 06 07 08 09 10 
Len:7: FrameData:
7E 00 07 88 70 54 50 00 00 23 40 
 ~           p  T  P        #  @ 
00 01 02 03 04 05 06 07 08 09 10 
Len:7: FrameData:
7E 00 07 88 70 54 50 00 00 21 42 
 ~           p  T  P        !  B 
00 01 02 03 04 05 06 07 08 09 10 
Len:7: FrameData:
7E 00 07 88 70 54 50 00 00 21 42 
 ~           p  T  P        !  B 
00 01 02 03 04 05 06 07 08 09 10 
Len:7: FrameData:
7E 00 07 88 70 54 50 00 00 21 42 
 ~           p  T  P        !  B 
00 01 02 03 04 05 06 07 08 09 10 
Len:7: FrameData:
7E 00 07 88 70 54 50 00 00 21 42 
 ~           p  T  P        !  B 
00 01 02 03 04 05 06 07 08 09 10 
Len:7: FrameData:
7E 00 07 88 70 54 50 00 00 21 42 
 ~           p  T  P        !  B 
00 01 02 03 04 05 06 07 08 09 10 
Len:7: FrameData:
7E 00 07 88 70 54 50 00 00 23 40 
 ~           p  T  P        #  @ 
00 01 02 03 04 05 06 07 08 09 10 
Len:7: FrameData:
7E 00 07 88 70 54 50 00 00 21 42 
 ~           p  T  P        !  B 
00 01 02 03 04 05 06 07 08 09 10 
Len:7: FrameData:
7E 00 07 88 70 54 50 00 00 21 42 
 ~           p  T  P        !  B 
00 01 02 03 04 05 06 07 08 09 10 
Len:7: FrameData:
7E 00 07 88 70 54 50 00 00 21 42 
 ~           p  T  P        !  B 
00 01 02 03 04 05 06 07 08 09 10 
Len:7: FrameData:
7E 00 07 88 70 54 50 00 00 20 43 
 ~           p  T  P           C 
00 01 02 03 04 05 06 07 08 09 10 
Len:7: FrameData:
7E 00 07 88 70 54 50 00 00 20 43 
 ~           p  T  P           C 
00 01 02 03 04 05 06 07 08 09 10 
Len:7: FrameData:
7E 00 07 88 70 54 50 00 00 21 42 
 ~           p  T  P        !  B 
00 01 02 03 04 05 06 07 08 09 10 
Len:7: FrameData:
7E 00 07 88 70 54 50 00 00 20 43 
 ~           p  T  P           C 
00 01 02 03 04 05 06 07 08 09 10 
Len:7: FrameData:
7E 00 07 88 70 54 50 00 00 20 43 
 ~           p  T  P           C 
00 01 02 03 04 05 06 07 08 09 10 
Len:7: FrameData:
7E 00 07 88 70 54 50 00 00 20 43 
 ~           p  T  P           C 
00 01 02 03 04 05 06 07 08 09 10 
Len:7: FrameData:
7E 00 07 88 70 54 50 00 00 1F 44 
 ~           p  T  P           D 
00 01 02 03 04 05 06 07 08 09 10 
Len:7: FrameData:
7E 00 07 88 70 54 50 00 00 20 43 
 ~           p  T  P           C 
00 01 02 03 04 05 06 07 08 09 10 
Len:7: FrameData:
7E 00 07 88 70 54 50 00 00 20 43 
 ~           p  T  P           C 
00 01 02 03 04 05 06 07 08 09 10 
Len:7: FrameData:
7E 00 07 88 70 54 50 00 00 1F 44 
 ~           p  T  P           D 
00 01 02 03 04 05 06 07 08 09 10 
Len:7: FrameData:
7E 00 07 88 70 54 50 00 00 1F 44 
 ~           p  T  P           D 
00 01 02 03 04 05 06 07 08 09 10 
Len:7: FrameData:
7E 00 07 88 70 54 50 00 00 20 43 
 ~           p  T  P           C 
00 01 02 03 04 05 06 07 08 09 10 
